{"numFailedTestSuites":1,"numFailedTests":0,"numPassedTestSuites":0,"numPassedTests":0,"numPendingTestSuites":0,"numPendingTests":0,"numRuntimeErrorTestSuites":1,"numTodoTests":0,"numTotalTestSuites":1,"numTotalTests":0,"openHandles":[],"snapshot":{"added":0,"didUpdate":false,"failure":false,"filesAdded":0,"filesRemoved":0,"filesRemovedList":[],"filesUnmatched":0,"filesUpdated":0,"matched":0,"total":0,"unchecked":0,"uncheckedKeysByFile":[],"unmatched":0,"updated":0},"startTime":1596190612780,"success":false,"testResults":[{"assertionResults":[],"coverage":{},"endTime":1596190613158,"message":"  \u001b[1m● \u001b[22mTest suite failed to run\n\n    Cannot find module 'ml/dataEngine/src' from 'common.js'\n\n    Require stack:\n      src/jams/common.js\n      src/2020073112 layers of ctx/LayersOfCtx.js\n      src/2020073112 layers of ctx/test/test1.test.js\n","name":"D:\\pro\\tinker\\multipleNotes\\majesticNotes\\src\\2020073112 layers of ctx\\test\\test1.test.js","startTime":1596190613158,"status":"failed","summary":""}],"wasInterrupted":false}